
Loading the model ...
  input file   : newstuff/2018101116_1.pomdp
  loading time : 0.06s 

SARSOP initializing ...
  initialization time : 0.01s

-------------------------------------------------------------------------------
 Time   |#Trial |#Backup |LBound    |UBound    |Precision  |#Alphas |#Beliefs  
-------------------------------------------------------------------------------
 0.01    0       0        0.834001   2.89172    2.05772     5        1        
 0.01    12      51       2.23465    2.358      0.123348    38       17       
 0.02    20      100      2.26832    2.33977    0.0714454   52       29       
 0.03    27      151      2.30864    2.33749    0.0288518   62       40       
 0.04    35      200      2.31219    2.33558    0.0233834   61       49       
 0.05    42      253      2.31871    2.33278    0.0140705   58       61       
 0.06    47      300      2.32137    2.3324     0.0110223   64       71       
 0.08    53      351      2.32137    2.33145    0.0100757   68       79       
 0.09    59      400      2.32312    2.33105    0.00793813  73       89       
 0.12    63      453      2.32366    2.32996    0.0062946   68       97       
 0.14    68      503      2.32367    2.32899    0.00532424  73       102      
 0.16    73      553      2.32367    2.32873    0.00505906  75       107      
 0.18    78      601      2.32367    2.32856    0.00488866  75       112      
 0.2     83      650      2.32421    2.32833    0.00411706  80       121      
 0.22    89      701      2.32421    2.32814    0.00392304  75       127      
 0.26    93      755      2.32484    2.32779    0.00294706  71       138      
 0.29    98      805      2.32499    2.32743    0.00243559  76       145      
 0.31    102     851      2.3252     2.32731    0.00211598  89       152      
 0.34    106     900      2.32521    2.32723    0.00202925  83       156      
 0.37    111     953      2.32522    2.32717    0.00194502  88       159      
 0.4     115     1001     2.32522    2.32714    0.001919    80       163      
 0.43    120     1053     2.32522    2.3271     0.00187501  88       166      
 0.47    124     1100     2.32528    2.3269     0.00162428  92       179      
 0.51    129     1150     2.32528    2.32681    0.00152665  108      195      
 0.54    134     1205     2.3253     2.32656    0.00126032  112      197      
 0.58    138     1257     2.3253     2.32648    0.00118016  136      200      
 0.62    141     1305     2.3253     2.32647    0.00116344  173      205      
 0.66    144     1353     2.3253     2.32644    0.00113898  185      210      
 0.7     147     1400     2.32531    2.32638    0.00106962  206      218      
 0.74    151     1450     2.32531    2.32636    0.00105062  226      222      
 0.78    154     1481     2.32531    2.32629    0.000983529 213      224      
-------------------------------------------------------------------------------

SARSOP finishing ...
  target precision reached
  target precision  : 0.001000
  precision reached : 0.000984 

-------------------------------------------------------------------------------
 Time   |#Trial |#Backup |LBound    |UBound    |Precision  |#Alphas |#Beliefs  
-------------------------------------------------------------------------------
 0.78    154     1481     2.32531    2.32629    0.000983529 213      224      
-------------------------------------------------------------------------------

Writing out policy ...
  output file : newstuff/2018101116_1.policy

